# JRE version: Java(TM) SE Runtime Environment (25.0.1+8) (build 25.0.1+8-LTS-27)
# Java VM: Java HotSpot(TM) 64-Bit Server VM (25.0.1+8-LTS-27, mixed mode, sharing, tiered, compressed oops, compressed class ptrs, parallel gc, windows-amd64)
GC Precious Log:
 CardTable entry size: 512
 CPUs: 12 total, 12 available
 Memory: 31862M
 Large Page Support: Disabled
 NUMA Support: Disabled
 Compressed Oops: Enabled (32-bit)
 Alignments: Space 512K, Generation 512K, Heap 2M
 Heap Min Capacity: 100M
 Heap Initial Capacity: 100M
 Heap Max Capacity: 2G
 Pre-touch: Disabled
 Parallel Workers: 10
Heap:
 PSYoungGen      total 33280K, used 29459K [0x00000000d5580000, 0x00000000d7880000, 0x0000000100000000)
  eden space 31744K, 89% used [0x00000000d5580000,0x00000000d7144d98,0x00000000d7480000)
  from space 1536K, 66% used [0x00000000d7700000,0x00000000d7800020,0x00000000d7880000)
  to   space 1536K, 0% used [0x00000000d7580000,0x00000000d7580000,0x00000000d7700000)
 ParOldGen       total 860160K, used 345920K [0x0000000080000000, 0x00000000b4800000, 0x00000000d5580000)
  object space 860160K, 40% used [0x0000000080000000,0x00000000951d0100,0x00000000b4800000)
GC Heap Usage History (20 events):
Event: 8398.046 {heap Before GC invocations=1632 (full 7):
 PSYoungGen      total 32256K, used 32252K [0x00000000d5580000, 0x00000000d7900000, 0x0000000100000000)
  eden space 30720K, 100% used [0x00000000d5580000,0x00000000d7380000,0x00000000d7380000)
  from space 1536K, 99% used [0x00000000d7600000,0x00000000d777f060,0x00000000d7780000)
  to   space 2560K, 0% used [0x00000000d7380000,0x00000000d7380000,0x00000000d7600000)
 ParOldGen       total 860160K, used 340243K [0x0000000080000000, 0x00000000b4800000, 0x00000000d55Event: 8398.047 {heap After GC invocations=1632 (full 7):
 PSYoungGen      total 31744K, used 1000K [0x00000000d5580000, 0x00000000d7680000, 0x0000000100000000)
  eden space 30720K, 0% used [0x00000000d5580000,0x00000000d5580000,0x00000000d7380000)
  from space 1024K, 97% used [0x00000000d7380000,0x00000000d747a018,0x00000000d7480000)
  to   space 1536K, 0% used [0x00000000d7500000,0x00000000d7500000,0x00000000d7680000)
 ParOldGen       total 860160K, used 341681K [0x0000000080000000, 0x00000000b4800000, 0x00000000d558000Event: 8398.063 {heap Before GC invocations=1633 (full 7):
 PSYoungGen      total 31744K, used 31720K [0x00000000d5580000, 0x00000000d7680000, 0x0000000100000000)
  eden space 30720K, 100% used [0x00000000d5580000,0x00000000d7380000,0x00000000d7380000)
  from space 1024K, 97% used [0x00000000d7380000,0x00000000d747a018,0x00000000d7480000)
  to   space 1536K, 0% used [0x00000000d7500000,0x00000000d7500000,0x00000000d7680000)
 ParOldGen       total 860160K, used 341681K [0x0000000080000000, 0x00000000b4800000, 0x00000000d55Event: 8398.063 {heap After GC invocations=1633 (full 7):
 PSYoungGen      total 32768K, used 813K [0x00000000d5580000, 0x00000000d7680000, 0x0000000100000000)
  eden space 31232K, 0% used [0x00000000d5580000,0x00000000d5580000,0x00000000d7400000)
  from space 1536K, 52% used [0x00000000d7500000,0x00000000d75cb580,0x00000000d7680000)
  to   space 1024K, 0% used [0x00000000d7400000,0x00000000d7400000,0x00000000d7500000)
 ParOldGen       total 860160K, used 342465K [0x0000000080000000, 0x00000000b4800000, 0x00000000d5580000Event: 8398.075 {heap Before GC invocations=1634 (full 7):
 PSYoungGen      total 32768K, used 32045K [0x00000000d5580000, 0x00000000d7680000, 0x0000000100000000)
  eden space 31232K, 100% used [0x00000000d5580000,0x00000000d7400000,0x00000000d7400000)
  from space 1536K, 52% used [0x00000000d7500000,0x00000000d75cb580,0x00000000d7680000)
  to   space 1024K, 0% used [0x00000000d7400000,0x00000000d7400000,0x00000000d7500000)
 ParOldGen       total 860160K, used 342465K [0x0000000080000000, 0x00000000b4800000, 0x00000000d55Event: 8398.076 {heap After GC invocations=1634 (full 7):
 PSYoungGen      total 31744K, used 1004K [0x00000000d5580000, 0x00000000d7780000, 0x0000000100000000)
  eden space 30720K, 0% used [0x00000000d5580000,0x00000000d5580000,0x00000000d7380000)
  from space 1024K, 98% used [0x00000000d7400000,0x00000000d74fb3a8,0x00000000d7500000)
  to   space 2048K, 0% used [0x00000000d7580000,0x00000000d7580000,0x00000000d7780000)
 ParOldGen       total 860160K, used 343098K [0x0000000080000000, 0x00000000b4800000, 0x00000000d558000Event: 8398.090 {heap Before GC invocations=1635 (full 7):
 PSYoungGen      total 31744K, used 31724K [0x00000000d5580000, 0x00000000d7780000, 0x0000000100000000)
  eden space 30720K, 100% used [0x00000000d5580000,0x00000000d7380000,0x00000000d7380000)
  from space 1024K, 98% used [0x00000000d7400000,0x00000000d74fb3a8,0x00000000d7500000)
  to   space 2048K, 0% used [0x00000000d7580000,0x00000000d7580000,0x00000000d7780000)
 ParOldGen       total 860160K, used 343098K [0x0000000080000000, 0x00000000b4800000, 0x00000000d55Event: 8398.091 {heap After GC invocations=1635 (full 7):
 PSYoungGen      total 32768K, used 416K [0x00000000d5580000, 0x00000000d7680000, 0x0000000100000000)
  eden space 31744K, 0% used [0x00000000d5580000,0x00000000d5580000,0x00000000d7480000)
  from space 1024K, 40% used [0x00000000d7580000,0x00000000d75e8000,0x00000000d7680000)
  to   space 1024K, 0% used [0x00000000d7480000,0x00000000d7480000,0x00000000d7580000)
 ParOldGen       total 860160K, used 343964K [0x0000000080000000, 0x00000000b4800000, 0x00000000d5580000Event: 8398.101 {heap Before GC invocations=1636 (full 7):
 PSYoungGen      total 32768K, used 32160K [0x00000000d5580000, 0x00000000d7680000, 0x0000000100000000)
  eden space 31744K, 100% used [0x00000000d5580000,0x00000000d7480000,0x00000000d7480000)
  from space 1024K, 40% used [0x00000000d7580000,0x00000000d75e8000,0x00000000d7680000)
  to   space 1024K, 0% used [0x00000000d7480000,0x00000000d7480000,0x00000000d7580000)
 ParOldGen       total 860160K, used 343964K [0x0000000080000000, 0x00000000b4800000, 0x00000000d55Event: 8398.101 {heap After GC invocations=1636 (full 7):
 PSYoungGen      total 32768K, used 576K [0x00000000d5580000, 0x00000000d7680000, 0x0000000100000000)
  eden space 31744K, 0% used [0x00000000d5580000,0x00000000d5580000,0x00000000d7480000)
  from space 1024K, 56% used [0x00000000d7480000,0x00000000d7510000,0x00000000d7580000)
  to   space 1024K, 0% used [0x00000000d7580000,0x00000000d7580000,0x00000000d7680000)
 ParOldGen       total 860160K, used 344197K [0x0000000080000000, 0x00000000b4800000, 0x00000000d5580000Event: 8398.108 {heap Before GC invocations=1637 (full 7):
 PSYoungGen      total 32768K, used 32320K [0x00000000d5580000, 0x00000000d7680000, 0x0000000100000000)
  eden space 31744K, 100% used [0x00000000d5580000,0x00000000d7480000,0x00000000d7480000)
  from space 1024K, 56% used [0x00000000d7480000,0x00000000d7510000,0x00000000d7580000)
  to   space 1024K, 0% used [0x00000000d7580000,0x00000000d7580000,0x00000000d7680000)
 ParOldGen       total 860160K, used 344197K [0x0000000080000000, 0x00000000b4800000, 0x00000000d55Event: 8398.109 {heap After GC invocations=1637 (full 7):
 PSYoungGen      total 33280K, used 288K [0x00000000d5580000, 0x00000000d7680000, 0x0000000100000000)
  eden space 32256K, 0% used [0x00000000d5580000,0x00000000d5580000,0x00000000d7500000)
  from space 1024K, 28% used [0x00000000d7580000,0x00000000d75c8000,0x00000000d7680000)
  to   space 512K, 0% used [0x00000000d7500000,0x00000000d7500000,0x00000000d7580000)
 ParOldGen       total 860160K, used 344357K [0x0000000080000000, 0x00000000b4800000, 0x00000000d5580000)Event: 8398.115 {heap Before GC invocations=1638 (full 7):
 PSYoungGen      total 33280K, used 32544K [0x00000000d5580000, 0x00000000d7680000, 0x0000000100000000)
  eden space 32256K, 100% used [0x00000000d5580000,0x00000000d7500000,0x00000000d7500000)
  from space 1024K, 28% used [0x00000000d7580000,0x00000000d75c8000,0x00000000d7680000)
  to   space 512K, 0% used [0x00000000d7500000,0x00000000d7500000,0x00000000d7580000)
 ParOldGen       total 860160K, used 344357K [0x0000000080000000, 0x00000000b4800000, 0x00000000d558Event: 8398.116 {heap After GC invocations=1638 (full 7):
 PSYoungGen      total 32768K, used 320K [0x00000000d5580000, 0x00000000d7680000, 0x0000000100000000)
  eden space 32256K, 0% used [0x00000000d5580000,0x00000000d5580000,0x00000000d7500000)
  from space 512K, 62% used [0x00000000d7500000,0x00000000d7550000,0x00000000d7580000)
  to   space 512K, 0% used [0x00000000d7600000,0x00000000d7600000,0x00000000d7680000)
 ParOldGen       total 860160K, used 344445K [0x0000000080000000, 0x00000000b4800000, 0x00000000d5580000)
Event: 8398.123 {heap Before GC invocations=1639 (full 7):
 PSYoungGen      total 32768K, used 32576K [0x00000000d5580000, 0x00000000d7680000, 0x0000000100000000)
  eden space 32256K, 100% used [0x00000000d5580000,0x00000000d7500000,0x00000000d7500000)
  from space 512K, 62% used [0x00000000d7500000,0x00000000d7550000,0x00000000d7580000)
  to   space 512K, 0% used [0x00000000d7600000,0x00000000d7600000,0x00000000d7680000)
 ParOldGen       total 860160K, used 344445K [0x0000000080000000, 0x00000000b4800000, 0x00000000d5580Event: 8398.123 {heap After GC invocations=1639 (full 7):
 PSYoungGen      total 33280K, used 320K [0x00000000d5580000, 0x00000000d7680000, 0x0000000100000000)
  eden space 32768K, 0% used [0x00000000d5580000,0x00000000d5580000,0x00000000d7580000)
  from space 512K, 62% used [0x00000000d7600000,0x00000000d7650000,0x00000000d7680000)
  to   space 512K, 0% used [0x00000000d7580000,0x00000000d7580000,0x00000000d7600000)
 ParOldGen       total 860160K, used 344517K [0x0000000080000000, 0x00000000b4800000, 0x00000000d5580000)
Event: 8779.735 {heap Before GC invocations=1640 (full 7):
 PSYoungGen      total 33280K, used 33079K [0x00000000d5580000, 0x00000000d7680000, 0x0000000100000000)
  eden space 32768K, 99% used [0x00000000d5580000,0x00000000d757ddc8,0x00000000d7580000)
  from space 512K, 62% used [0x00000000d7600000,0x00000000d7650000,0x00000000d7680000)
  to   space 512K, 0% used [0x00000000d7580000,0x00000000d7580000,0x00000000d7600000)
 ParOldGen       total 860160K, used 344517K [0x0000000080000000, 0x00000000b4800000, 0x00000000d55800Event: 8779.736 {heap After GC invocations=1640 (full 7):
 PSYoungGen      total 32768K, used 512K [0x00000000d5580000, 0x00000000d7900000, 0x0000000100000000)
  eden space 32256K, 0% used [0x00000000d5580000,0x00000000d5580000,0x00000000d7500000)
  from space 512K, 100% used [0x00000000d7580000,0x00000000d7600000,0x00000000d7600000)
  to   space 2048K, 0% used [0x00000000d7700000,0x00000000d7700000,0x00000000d7900000)
 ParOldGen       total 860160K, used 345377K [0x0000000080000000, 0x00000000b4800000, 0x00000000d5580000Event: 8780.389 {heap Before GC invocations=1641 (full 7):
 PSYoungGen      total 32768K, used 32768K [0x00000000d5580000, 0x00000000d7900000, 0x0000000100000000)
  eden space 32256K, 100% used [0x00000000d5580000,0x00000000d7500000,0x00000000d7500000)
  from space 512K, 100% used [0x00000000d7580000,0x00000000d7600000,0x00000000d7600000)
  to   space 2048K, 0% used [0x00000000d7700000,0x00000000d7700000,0x00000000d7900000)
 ParOldGen       total 860160K, used 345377K [0x0000000080000000, 0x00000000b4800000, 0x00000000d55Event: 8780.390 {heap After GC invocations=1641 (full 7):
 PSYoungGen      total 33280K, used 1024K [0x00000000d5580000, 0x00000000d7880000, 0x0000000100000000)
  eden space 31744K, 0% used [0x00000000d5580000,0x00000000d5580000,0x00000000d7480000)
  from space 1536K, 66% used [0x00000000d7700000,0x00000000d7800020,0x00000000d7880000)
  to   space 1536K, 0% used [0x00000000d7580000,0x00000000d7580000,0x00000000d7700000)
 ParOldGen       total 860160K, used 345920K [0x0000000080000000, 0x00000000b4800000, 0x00000000d558000
Metaspace Usage History (20 events):
Event: 8398.046 {metaspace Before GC invocations=1632 (full 7):
 Metaspace       used 114559K, committed 116480K, reserved 1179648K
  class space    used 9988K, committed 10944K, reserved 1048576K
}
Event: 8398.047 {metaspace After GC invocations=1632 (full 7):
 Metaspace       used 114559K, committed 116480K, reserved 1179648K
  class space    used 9988K, committed 10944K, reserved 1048576K
}
Event: 8398.063 {metaspace Before GC invocations=1633 (full 7):
 Metaspace       used 114559K, committed 116480K, reserved 1179648K
  class space    used 9988K, committed 10944K, reserved 1048576K
}
Event: 8398.063 {metaspace After GC invocations=1633 (full 7):
 Metaspace       used 114559K, committed 116480K, reserved 1179648K
  class space    used 9988K, committed 10944K, reserved 1048576K
}
Event: 8398.075 {metaspace Before GC invocations=1634 (full 7):
 Metaspace       used 114559K, committed 116480K, reserved 1179648K
  class space    used 9988K, committed 10944K, reserved 1048576K
}
Event: 8398.076 {metaspace After GC invocations=1634 (full 7):
 Metaspace       used 114559K, committed 116480K, reserved 1179648K
  class space    used 9988K, committed 10944K, reserved 1048576K
}
Event: 8398.090 {metaspace Before GC invocations=1635 (full 7):
 Metaspace       used 114559K, committed 116480K, reserved 1179648K
  class space    used 9988K, committed 10944K, reserved 1048576K
}
Event: 8398.091 {metaspace After GC invocations=1635 (full 7):
 Metaspace       used 114559K, committed 116480K, reserved 1179648K
  class space    used 9988K, committed 10944K, reserved 1048576K
}
Event: 8398.101 {metaspace Before GC invocations=1636 (full 7):
 Metaspace       used 114559K, committed 116480K, reserved 1179648K
  class space    used 9988K, committed 10944K, reserved 1048576K
}
Event: 8398.101 {metaspace After GC invocations=1636 (full 7):
 Metaspace       used 114559K, committed 116480K, reserved 1179648K
  class space    used 9988K, committed 10944K, reserved 1048576K
}
Event: 8398.108 {metaspace Before GC invocations=1637 (full 7):
 Metaspace       used 114559K, committed 116480K, reserved 1179648K
  class space    used 9988K, committed 10944K, reserved 1048576K
}
Event: 8398.109 {metaspace After GC invocations=1637 (full 7):
 Metaspace       used 114559K, committed 116480K, reserved 1179648K
  class space    used 9988K, committed 10944K, reserved 1048576K
}
Event: 8398.115 {metaspace Before GC invocations=1638 (full 7):
 Metaspace       used 114559K, committed 116480K, reserved 1179648K
  class space    used 9988K, committed 10944K, reserved 1048576K
}
Event: 8398.116 {metaspace After GC invocations=1638 (full 7):
 Metaspace       used 114559K, committed 116480K, reserved 1179648K
  class space    used 9988K, committed 10944K, reserved 1048576K
}
Event: 8398.123 {metaspace Before GC invocations=1639 (full 7):
 Metaspace       used 114559K, committed 116480K, reserved 1179648K
  class space    used 9988K, committed 10944K, reserved 1048576K
}
Event: 8398.123 {metaspace After GC invocations=1639 (full 7):
 Metaspace       used 114559K, committed 116480K, reserved 1179648K
  class space    used 9988K, committed 10944K, reserved 1048576K
}
Event: 8779.735 {metaspace Before GC invocations=1640 (full 7):
 Metaspace       used 114703K, committed 116544K, reserved 1179648K
  class space    used 10007K, committed 10944K, reserved 1048576K
}
Event: 8779.736 {metaspace After GC invocations=1640 (full 7):
 Metaspace       used 114703K, committed 116544K, reserved 1179648K
  class space    used 10007K, committed 10944K, reserved 1048576K
}
Event: 8780.389 {metaspace Before GC invocations=1641 (full 7):
 Metaspace       used 115370K, committed 117440K, reserved 1179648K
  class space    used 10117K, committed 11136K, reserved 1048576K
}
Event: 8780.390 {metaspace After GC invocations=1641 (full 7):
 Metaspace       used 115370K, committed 117440K, reserved 1179648K
  class space    used 10117K, committed 11136K, reserved 1048576K
}

